<?xml version="1.0" encoding="UTF-8"?>
<!-- Generated by org.testng.reporters.JUnitReportReporter -->
<testsuite hostname="ADMIN-PC" name="com.parallelTestcase.ParralelTestExecution1" tests="8" failures="0" timestamp="19 Nov 2019 11:29:22 GMT" time="0.099" errors="0">
  <testcase name="Tc_6" time="0.005" classname="com.parallelTestcase.ParralelTestExecution1"/>
  <testcase name="Tc_6" time="0.023" classname="com.parallelTestcase.ParralelTestExecution1"/>
  <testcase name="Tc_7" time="0.003" classname="com.parallelTestcase.ParralelTestExecution1"/>
  <testcase name="Tc_8" time="0.006" classname="com.parallelTestcase.ParralelTestExecution1"/>
  <testcase name="Tc_5" time="0.023" classname="com.parallelTestcase.ParralelTestExecution1"/>
  <testcase name="Tc_5" time="0.035" classname="com.parallelTestcase.ParralelTestExecution1"/>
  <testcase name="Tc_8" time="0.002" classname="com.parallelTestcase.ParralelTestExecution1"/>
  <testcase name="Tc_7" time="0.002" classname="com.parallelTestcase.ParralelTestExecution1"/>
</testsuite> <!-- com.parallelTestcase.ParralelTestExecution1 -->
